<?xml version="1.0" encoding="UTF-8"?>
<!-- Generated by org.testng.reporters.JUnitXMLReporter -->
<testsuite hostname="IZDT-211" ignored="2" name="Add Front end Campaign Pages" tests="12" failures="0" timestamp="06 Feb 2019 09:33:17 GMT" time="55.155" errors="0">
  <testcase name="addFrontendOemCampaign" time="45.079" classname="com.r1v2.frontend.Modules.Oem.AddFrontendCampPageOem"/>
  <testcase name="addFrontendGroupCampaign" time="45.073" classname="com.r1v2.frontend.Modules.Group.AddFrontendCampPageGroup"/>
  <testcase name="addFrontendDlrCampaign" time="45.059" classname="com.r1v2.frontend.Modules.Dealer.AddFrontendCampPageDealer"/>
  <testcase name="addFrontendDlrCampaign_1" time="1.291" classname="com.r1v2.frontend.Modules.Dealer.AddFrontendCampPageDealer"/>
  <testcase name="addFrontendGroupCampaign_1" time="1.615" classname="com.r1v2.frontend.Modules.Group.AddFrontendCampPageGroup"/>
  <testcase name="addFrontendDlrCampaign_2" time="0.595" classname="com.r1v2.frontend.Modules.Dealer.AddFrontendCampPageDealer"/>
  <testcase name="addFrontendGroupCampaign_2" time="0.67" classname="com.r1v2.frontend.Modules.Group.AddFrontendCampPageGroup"/>
  <testcase name="addFrontendOemCampaign_1" time="4.788" classname="com.r1v2.frontend.Modules.Oem.AddFrontendCampPageOem"/>
  <testcase name="addFrontendOemCampaign_2" time="0.531" classname="com.r1v2.frontend.Modules.Oem.AddFrontendCampPageOem"/>
  <testcase name="addFrontendGroupCampaign_3" time="0.087" classname="com.r1v2.frontend.Modules.Group.AddFrontendCampPageGroup"/>
  <testcase name="addFrontendOemCampaign_3" time="0.258" classname="com.r1v2.frontend.Modules.Oem.AddFrontendCampPageOem"/>
  <testcase name="addFrontendDlrCampaign_3" time="0.273" classname="com.r1v2.frontend.Modules.Dealer.AddFrontendCampPageDealer"/>
  <testcase name="@BeforeSuite setUp" time="0.0" classname="com.core.reports.ExtentReport">
    <ignored/>
  </testcase> <!-- @BeforeSuite setUp -->
  <testcase name="@BeforeSuite setUp" time="0.0" classname="com.core.reports.ExtentReport">
    <ignored/>
  </testcase> <!-- @BeforeSuite setUp -->
</testsuite> <!-- Add Front end Campaign Pages -->
