<?xml version="1.0" encoding="UTF-8"?>
<!-- Generated by org.testng.reporters.JUnitXMLReporter -->
<testsuite hostname="IZDT-211" ignored="2" name="Add Front end Pages" tests="12" failures="0" timestamp="06 Feb 2019 07:35:12 GMT" time="54.398" errors="0">
  <testcase name="addFrontendOemContent" time="0.204" classname="com.r1v2.frontend.Modules.Oem.AddFrontendContentPageOem"/>
  <testcase name="addFrontendDlrContent" time="0.132" classname="com.r1v2.frontend.Modules.Dealer.AddFrontendContentPageDelaer"/>
  <testcase name="addFrontendGrpContent" time="45.217" classname="com.r1v2.frontend.Modules.Group.AddFrontendContentPageGroup"/>
  <testcase name="addFrontendDlrContent_1" time="1.339" classname="com.r1v2.frontend.Modules.Dealer.AddFrontendContentPageDelaer"/>
  <testcase name="addFrontendGrpContent_1" time="1.671" classname="com.r1v2.frontend.Modules.Group.AddFrontendContentPageGroup"/>
  <testcase name="addFrontendOemContent_1" time="1.754" classname="com.r1v2.frontend.Modules.Oem.AddFrontendContentPageOem"/>
  <testcase name="addFrontendGrpContent_2" time="0.562" classname="com.r1v2.frontend.Modules.Group.AddFrontendContentPageGroup"/>
  <testcase name="addFrontendOemContent_2" time="0.555" classname="com.r1v2.frontend.Modules.Oem.AddFrontendContentPageOem"/>
  <testcase name="addFrontendOemContent_3" time="0.132" classname="com.r1v2.frontend.Modules.Oem.AddFrontendContentPageOem"/>
  <testcase name="addFrontendDlrContent_2" time="0.515" classname="com.r1v2.frontend.Modules.Dealer.AddFrontendContentPageDelaer"/>
  <testcase name="addFrontendGrpContent_3" time="2.04" classname="com.r1v2.frontend.Modules.Group.AddFrontendContentPageGroup"/>
  <testcase name="addFrontendDlrContent_3" time="0.097" classname="com.r1v2.frontend.Modules.Dealer.AddFrontendContentPageDelaer"/>
  <testcase name="@BeforeSuite setUp" time="0.0" classname="com.core.reports.ExtentReport">
    <ignored/>
  </testcase> <!-- @BeforeSuite setUp -->
  <testcase name="@BeforeSuite setUp" time="0.0" classname="com.core.reports.ExtentReport">
    <ignored/>
  </testcase> <!-- @BeforeSuite setUp -->
</testsuite> <!-- Add Front end Pages -->
