<?xml version="1.0" encoding="UTF-8"?>
<!-- Generated by org.testng.reporters.JUnitXMLReporter -->
<testsuite hostname="IZDT-211" ignored="2" name="SC Add Content Pages" tests="30" failures="1" timestamp="29 Jan 2019 04:33:58 GMT" time="74.627" errors="0">
  <testcase name="groupContentPG_2" time="0.119" classname="com.r1v2.backend.modules.Group.AddGroupContentPage"/>
  <testcase name="oemContentPG_2" time="0.122" classname="com.r1v2.backend.modules.Oem.AddOemContentPage"/>
  <testcase name="dlrContentpagePG_2" time="0.139" classname="com.r1v2.backend.modules.Dealer.AddDealerContentPage"/>
  <testcase name="oemContentPG_3" time="13.893" classname="com.r1v2.backend.modules.Oem.AddOemContentPage"/>
  <testcase name="dlrContentpagePG_3" time="19.503" classname="com.r1v2.backend.modules.Dealer.AddDealerContentPage"/>
  <testcase name="groupContentPG_3" time="24.321" classname="com.r1v2.backend.modules.Group.AddGroupContentPage"/>
  <testcase name="oemContentPG_4" time="0.141" classname="com.r1v2.backend.modules.Oem.AddOemContentPage"/>
  <testcase name="groupContentPG_4" time="0.187" classname="com.r1v2.backend.modules.Group.AddGroupContentPage"/>
  <testcase name="dlrContentpagePG_4" time="0.249" classname="com.r1v2.backend.modules.Dealer.AddDealerContentPage"/>
  <testcase name="groupContentPG_5" time="0.958" classname="com.r1v2.backend.modules.Group.AddGroupContentPage"/>
  <testcase name="dlrContentpagePG_5" time="1.594" classname="com.r1v2.backend.modules.Dealer.AddDealerContentPage"/>
  <testcase name="oemContentPG_5" time="2.572" classname="com.r1v2.backend.modules.Oem.AddOemContentPage"/>
  <testcase name="oemContentPG_6" time="0.283" classname="com.r1v2.backend.modules.Oem.AddOemContentPage">
    <failure type="java.lang.AssertionError" message=" Url pattern is not Matching as per local  expected [true] but found [false]">
      <![CDATA[java.lang.AssertionError:  Url pattern is not Matching as per local  expected [true] but found [false]
at org.testng.Assert.fail(Assert.java:96)
at org.testng.Assert.failNotEquals(Assert.java:776)
at org.testng.Assert.assertEqualsImpl(Assert.java:137)
at org.testng.Assert.assertEquals(Assert.java:118)
at org.testng.Assert.assertEquals(Assert.java:568)
at com.r1v2.backend.modules.Oem.AddOemContentPage.oemContentPG_6(AddOemContentPage.java:115)
at sun.reflect.NativeMethodAccessorImpl.invoke0(Native Method)
at sun.reflect.NativeMethodAccessorImpl.invoke(Unknown Source)
at sun.reflect.DelegatingMethodAccessorImpl.invoke(Unknown Source)
at java.lang.reflect.Method.invoke(Unknown Source)
at org.testng.internal.MethodInvocationHelper.invokeMethod(MethodInvocationHelper.java:124)
at org.testng.internal.Invoker.invokeMethod(Invoker.java:583)
at org.testng.internal.Invoker.invokeTestMethod(Invoker.java:719)
at org.testng.internal.Invoker.invokeTestMethods(Invoker.java:989)
at org.testng.internal.TestMethodWorker.invokeTestMethods(TestMethodWorker.java:125)
at org.testng.internal.TestMethodWorker.run(TestMethodWorker.java:109)
at java.util.concurrent.ThreadPoolExecutor.runWorker(Unknown Source)
at java.util.concurrent.ThreadPoolExecutor$Worker.run(Unknown Source)
at java.lang.Thread.run(Unknown Source)
]]>
    </failure>
  </testcase> <!-- oemContentPG_6 -->
  <testcase name="dlrContentpagePG_6" time="0.351" classname="com.r1v2.backend.modules.Dealer.AddDealerContentPage"/>
  <testcase name="groupContentPG_6" time="0.425" classname="com.r1v2.backend.modules.Group.AddGroupContentPage"/>
  <testcase name="dlrContentpagePG_7" time="0.164" classname="com.r1v2.backend.modules.Dealer.AddDealerContentPage"/>
  <testcase name="groupContentPG_7" time="0.277" classname="com.r1v2.backend.modules.Group.AddGroupContentPage"/>
  <testcase name="oemContentPG_7" time="0.426" classname="com.r1v2.backend.modules.Oem.AddOemContentPage"/>
  <testcase name="dlrContentpagePG_8" time="0.255" classname="com.r1v2.backend.modules.Dealer.AddDealerContentPage"/>
  <testcase name="oemContentPG_8" time="0.409" classname="com.r1v2.backend.modules.Oem.AddOemContentPage"/>
  <testcase name="groupContentPG_8" time="1.341" classname="com.r1v2.backend.modules.Group.AddGroupContentPage"/>
  <testcase name="groupContentPG_9" time="0.385" classname="com.r1v2.backend.modules.Group.AddGroupContentPage"/>
  <testcase name="oemContentPG_9" time="0.389" classname="com.r1v2.backend.modules.Oem.AddOemContentPage"/>
  <testcase name="dlrContentpagePG_9" time="0.43" classname="com.r1v2.backend.modules.Dealer.AddDealerContentPage"/>
  <testcase name="dlrContentpagePG_10" time="13.199" classname="com.r1v2.backend.modules.Dealer.AddDealerContentPage"/>
  <testcase name="oemContentPG_10" time="14.427" classname="com.r1v2.backend.modules.Oem.AddOemContentPage"/>
  <testcase name="groupContentPG_10" time="18.617" classname="com.r1v2.backend.modules.Group.AddGroupContentPage"/>
  <testcase name="oemContentPG_11" time="0.634" classname="com.r1v2.backend.modules.Oem.AddOemContentPage"/>
  <testcase name="dlrContentpagePG_11" time="0.641" classname="com.r1v2.backend.modules.Dealer.AddDealerContentPage"/>
  <testcase name="groupContentPG_11" time="2.314" classname="com.r1v2.backend.modules.Group.AddGroupContentPage"/>
  <testcase name="@BeforeSuite setUp" time="0.0" classname="com.core.reports.ExtentReport">
    <ignored/>
  </testcase> <!-- @BeforeSuite setUp -->
  <testcase name="@BeforeSuite setUp" time="0.0" classname="com.core.reports.ExtentReport">
    <ignored/>
  </testcase> <!-- @BeforeSuite setUp -->
</testsuite> <!-- SC Add Content Pages -->
