<?xml version="1.0" encoding="UTF-8"?>
<!-- Generated by org.testng.reporters.JUnitXMLReporter -->
<testsuite hostname="IZDT-211" ignored="2" name="SC Delete Campaign  Pages" tests="9" failures="0" timestamp="06 Feb 2019 09:34:39 GMT" time="19.856" errors="0">
  <testcase name="groupDeleteCampPage_2" time="0.111" classname="com.r1v2.backend.modules.Group.DeleteGroupCampaignPage"/>
  <testcase name="oemDeleteCampPage_2" time="0.131" classname="com.r1v2.backend.modules.Oem.DeleteOemCampaignPage"/>
  <testcase name="dlrDeleteCampPage_2" time="0.1" classname="com.r1v2.backend.modules.Dealer.DeleteDealerCampaignPage"/>
  <testcase name="oemDeleteCampPage_3" time="7.422" classname="com.r1v2.backend.modules.Oem.DeleteOemCampaignPage"/>
  <testcase name="groupDeleteCampPage_3" time="8.5" classname="com.r1v2.backend.modules.Group.DeleteGroupCampaignPage"/>
  <testcase name="dlrDeleteCampPage_3" time="8.841" classname="com.r1v2.backend.modules.Dealer.DeleteDealerCampaignPage"/>
  <testcase name="dlrContentpagePG_4" time="0.57" classname="com.r1v2.backend.modules.Oem.DeleteOemCampaignPage"/>
  <testcase name="dlrContentpagePG_4" time="2.6" classname="com.r1v2.backend.modules.Dealer.DeleteDealerCampaignPage"/>
  <testcase name="groupDeleteCampPage_4" time="2.625" classname="com.r1v2.backend.modules.Group.DeleteGroupCampaignPage"/>
  <testcase name="@BeforeSuite setUp" time="0.0" classname="com.core.reports.ExtentReport">
    <ignored/>
  </testcase> <!-- @BeforeSuite setUp -->
  <testcase name="@BeforeSuite setUp" time="0.0" classname="com.core.reports.ExtentReport">
    <ignored/>
  </testcase> <!-- @BeforeSuite setUp -->
</testsuite> <!-- SC Delete Campaign  Pages -->
