<html>
<head>
<title>TestNG:  Scenario Login Test Cases</title>
<link href="../testng.css" rel="stylesheet" type="text/css" />
<link href="../my-testng.css" rel="stylesheet" type="text/css" />

<style type="text/css">
.log { display: none;} 
.stack-trace { display: none;} 
</style>
<script type="text/javascript">
<!--
function flip(e) {
  current = e.style.display;
  if (current == 'block') {
    e.style.display = 'none';
    return 0;
  }
  else {
    e.style.display = 'block';
    return 1;
  }
}

function toggleBox(szDivId, elem, msg1, msg2)
{
  var res = -1;  if (document.getElementById) {
    res = flip(document.getElementById(szDivId));
  }
  else if (document.all) {
    // this is the way old msie versions work
    res = flip(document.all[szDivId]);
  }
  if(elem) {
    if(res == 0) elem.innerHTML = msg1; else elem.innerHTML = msg2;
  }

}

function toggleAllBoxes() {
  if (document.getElementsByTagName) {
    d = document.getElementsByTagName('div');
    for (i = 0; i < d.length; i++) {
      if (d[i].className == 'log') {
        flip(d[i]);
      }
    }
  }
}

// -->
</script>

</head>
<body>
<h2 align='center'>Scenario Login Test Cases</h2><table border='1' align="center">
<tr>
<td>Tests passed/Failed/Skipped:</td><td>8/2/0</td>
</tr><tr>
<td>Started on:</td><td>Tue Jan 08 15:17:31 IST 2019</td>
</tr>
<tr><td>Total time:</td><td>11 seconds (11606 ms)</td>
</tr><tr>
<td>Included groups:</td><td></td>
</tr><tr>
<td>Excluded groups:</td><td></td>
</tr>
</table><p/>
<small><i>(Hover the method name to see the test class name)</i></small><p/>
<table width='100%' border='1' class='invocation-failed'>
<tr><td colspan='4' align='center'><b>FAILED TESTS</b></td></tr>
<tr><td><b>Test method</b></td>
<td width="30%"><b>Exception</b></td>
<td width="10%"><b>Time (seconds)</b></td>
<td><b>Instance</b></td>
</tr>
<tr>
<td title='com.r1v2.backend.Login.ScenarioLogin.testSC_5()'><b>testSC_5</b><br>Test class: com.r1v2.backend.Login.ScenarioLogin<br/>
<a href="#Output-1790598448" onClick='toggleBox("Output-1790598448", this, "Show output", "Hide output");'>Show output</a>

<a href="#Output-1790598448" onClick="toggleAllBoxes();">Show all outputs</a>
<div class='log' id="Output-1790598448">
<br>Opened URL : https://qadealeradminv2fr.izmocars.com/login.htm<br/>
<br>[Ljava.lang.String;@4d654825 is present<br/>
</div>
</td>
<td><div><pre>org.openqa.selenium.WebDriverException: unknown error: keys should be a string
  (Session info: chrome=71.0.3578.98)
  (Driver info: chromedriver=2.38.552522 (437e6fbedfa8762dec75e2c5b3ddb86763dc9dcb),platform=Windows NT 10.0.10586 x86_64) (WARNING: The server did not provide any stacktrace information)
Command duration or timeout: 0 milliseconds
Build info: version: &apos;3.13.0&apos;, revision: &apos;2f0d292&apos;, time: &apos;2018-06-25T15:24:21.231Z&apos;
System info: host: &apos;IZDT-211&apos;, ip: &apos;10.125.101.16&apos;, os.name: &apos;Windows 10&apos;, os.arch: &apos;amd64&apos;, os.version: &apos;10.0&apos;, java.version: &apos;1.8.0_191&apos;
Driver info: org.openqa.selenium.chrome.ChromeDriver
Capabilities {acceptInsecureCerts: false, acceptSslCerts: false, applicationCacheEnabled: false, browserConnectionEnabled: false, browserName: chrome, chrome: {chromedriverVersion: 2.38.552522 (437e6fbedfa876..., userDataDir: C:\Users\rajesh.n\AppData\L...}, cssSelectorsEnabled: true, databaseEnabled: false, handlesAlerts: true, hasTouchScreen: false, javascriptEnabled: true, locationContextEnabled: true, mobileEmulationEnabled: false, nativeEvents: true, networkConnectionEnabled: false, pageLoadStrategy: normal, platform: XP, platformName: XP, rotatable: false, setWindowRect: true, takesHeapSnapshot: true, takesScreenshot: true, unexpectedAlertBehaviour: , unhandledPromptBehavior: , version: 71.0.3578.98, webStorageEnabled: true}
Session ID: 3e7eadf561c9702f0c2d87aeafce225b
	at sun.reflect.NativeConstructorAccessorImpl.newInstance0(Native Method)
	at sun.reflect.NativeConstructorAccessorImpl.newInstance(Unknown Source)
	at sun.reflect.DelegatingConstructorAccessorImpl.newInstance(Unknown Source)
	at java.lang.reflect.Constructor.newInstance(Unknown Source)
	at org.openqa.selenium.remote.ErrorHandler.createThrowable(ErrorHandler.java:214)
	at org.openqa.selenium.remote.ErrorHandler.throwIfResponseFailed(ErrorHandler.java:166)
	at org.openqa.selenium.remote.http.JsonHttpResponseCodec.reconstructValue(JsonHttpResponseCodec.java:40)
	at org.openqa.selenium.remote.http.AbstractHttpResponseCodec.decode(AbstractHttpResponseCodec.java:80)
	at org.openqa.selenium.remote.http.AbstractHttpResponseCodec.decode(AbstractHttpResponseCodec.java:44)
	at org.openqa.selenium.remote.HttpCommandExecutor.execute(HttpCommandExecutor.java:158)
	at org.openqa.selenium.remote.service.DriverCommandExecutor.execute(DriverCommandExecutor.java:83)
	at org.openqa.selenium.remote.RemoteWebDriver.execute(RemoteWebDriver.java:548)
	at org.openqa.selenium.remote.RemoteWebElement.execute(RemoteWebElement.java:276)
	at org.openqa.selenium.remote.RemoteWebElement.sendKeys(RemoteWebElement.java:100)
	at com.r1v2.common.PageBase.enterValue(PageBase.java:262)
	at com.r1v2.common.PageBase.enterValue(PageBase.java:268)
	at com.qa.sc.pageobjects.SCLoginPage.enterEmail(SCLoginPage.java:47)
	at com.qa.sc.pageobjects.SCLoginPage.goToHomePage(SCLoginPage.java:80)
	at com.r1v2.backend.Login.ScenarioLogin.testSC_5(ScenarioLogin.java:71)
	at sun.reflect.NativeMethodAccessorImpl.invoke0(Native Method)
	at sun.reflect.NativeMethodAccessorImpl.invoke(Unknown Source)
	at sun.reflect.DelegatingMethodAccessorImpl.invoke(Unknown Source)
	at java.lang.reflect.Method.invoke(Unknown Source)
	at org.testng.internal.MethodInvocationHelper.invokeMethod(MethodInvocationHelper.java:124)
	at org.testng.internal.Invoker.invokeMethod(Invoker.java:583)
	at org.testng.internal.Invoker.invokeTestMethod(Invoker.java:719)
	at org.testng.internal.Invoker.invokeTestMethods(Invoker.java:989)
	at org.testng.internal.TestMethodWorker.invokeTestMethods(TestMethodWorker.java:125)
	at org.testng.internal.TestMethodWorker.run(TestMethodWorker.java:109)
	at org.testng.TestRunner.privateRun(TestRunner.java:648)
	at org.testng.TestRunner.run(TestRunner.java:505)
	at org.testng.SuiteRunner.runTest(SuiteRunner.java:455)
	at org.testng.SuiteRunner.runSequentially(SuiteRunner.java:450)
	at org.testng.SuiteRunner.privateRun(SuiteRunner.java:415)
	at org.testng.SuiteRunner.run(SuiteRunner.java:364)
	at org.testng.SuiteRunnerWorker.runSuite(SuiteRunnerWorker.java:52)
	at org.testng.SuiteRunnerWorker.run(SuiteRunnerWorker.java:84)
	at org.testng.TestNG.runSuitesSequentially(TestNG.java:1208)
	at org.testng.TestNG.runSuitesLocally(TestNG.java:1137)
	at org.testng.TestNG.runSuites(TestNG.java:1049)
	at org.testng.TestNG.run(TestNG.java:1017)
	at org.testng.remote.AbstractRemoteTestNG.run(AbstractRemoteTestNG.java:114)
	at org.testng.remote.RemoteTestNG.initAndRun(RemoteTestNG.java:251)
	at org.testng.remote.RemoteTestNG.main(RemoteTestNG.java:77)
</pre></div><a href='#' onClick='toggleBox("stack-trace1790598448", this, "Click to show all stack frames", "Click to hide stack frames")'>Click to show all stack frames</a>
<div class='stack-trace' id='stack-trace1790598448'><pre>org.openqa.selenium.WebDriverException: unknown error: keys should be a string
  (Session info: chrome=71.0.3578.98)
  (Driver info: chromedriver=2.38.552522 (437e6fbedfa8762dec75e2c5b3ddb86763dc9dcb),platform=Windows NT 10.0.10586 x86_64) (WARNING: The server did not provide any stacktrace information)
Command duration or timeout: 0 milliseconds
Build info: version: &apos;3.13.0&apos;, revision: &apos;2f0d292&apos;, time: &apos;2018-06-25T15:24:21.231Z&apos;
System info: host: &apos;IZDT-211&apos;, ip: &apos;10.125.101.16&apos;, os.name: &apos;Windows 10&apos;, os.arch: &apos;amd64&apos;, os.version: &apos;10.0&apos;, java.version: &apos;1.8.0_191&apos;
Driver info: org.openqa.selenium.chrome.ChromeDriver
Capabilities {acceptInsecureCerts: false, acceptSslCerts: false, applicationCacheEnabled: false, browserConnectionEnabled: false, browserName: chrome, chrome: {chromedriverVersion: 2.38.552522 (437e6fbedfa876..., userDataDir: C:\Users\rajesh.n\AppData\L...}, cssSelectorsEnabled: true, databaseEnabled: false, handlesAlerts: true, hasTouchScreen: false, javascriptEnabled: true, locationContextEnabled: true, mobileEmulationEnabled: false, nativeEvents: true, networkConnectionEnabled: false, pageLoadStrategy: normal, platform: XP, platformName: XP, rotatable: false, setWindowRect: true, takesHeapSnapshot: true, takesScreenshot: true, unexpectedAlertBehaviour: , unhandledPromptBehavior: , version: 71.0.3578.98, webStorageEnabled: true}
Session ID: 3e7eadf561c9702f0c2d87aeafce225b
	at sun.reflect.NativeConstructorAccessorImpl.newInstance0(Native Method)
	at sun.reflect.NativeConstructorAccessorImpl.newInstance(Unknown Source)
	at sun.reflect.DelegatingConstructorAccessorImpl.newInstance(Unknown Source)
	at java.lang.reflect.Constructor.newInstance(Unknown Source)
	at org.openqa.selenium.remote.ErrorHandler.createThrowable(ErrorHandler.java:214)
	at org.openqa.selenium.remote.ErrorHandler.throwIfResponseFailed(ErrorHandler.java:166)
	at org.openqa.selenium.remote.http.JsonHttpResponseCodec.reconstructValue(JsonHttpResponseCodec.java:40)
	at org.openqa.selenium.remote.http.AbstractHttpResponseCodec.decode(AbstractHttpResponseCodec.java:80)
	at org.openqa.selenium.remote.http.AbstractHttpResponseCodec.decode(AbstractHttpResponseCodec.java:44)
	at org.openqa.selenium.remote.HttpCommandExecutor.execute(HttpCommandExecutor.java:158)
	at org.openqa.selenium.remote.service.DriverCommandExecutor.execute(DriverCommandExecutor.java:83)
	at org.openqa.selenium.remote.RemoteWebDriver.execute(RemoteWebDriver.java:548)
	at org.openqa.selenium.remote.RemoteWebElement.execute(RemoteWebElement.java:276)
	at org.openqa.selenium.remote.RemoteWebElement.sendKeys(RemoteWebElement.java:100)
	at com.r1v2.common.PageBase.enterValue(PageBase.java:262)
	at com.r1v2.common.PageBase.enterValue(PageBase.java:268)
	at com.qa.sc.pageobjects.SCLoginPage.enterEmail(SCLoginPage.java:47)
	at com.qa.sc.pageobjects.SCLoginPage.goToHomePage(SCLoginPage.java:80)
	at com.r1v2.backend.Login.ScenarioLogin.testSC_5(ScenarioLogin.java:71)
	at sun.reflect.NativeMethodAccessorImpl.invoke0(Native Method)
	at sun.reflect.NativeMethodAccessorImpl.invoke(Unknown Source)
	at sun.reflect.DelegatingMethodAccessorImpl.invoke(Unknown Source)
	at java.lang.reflect.Method.invoke(Unknown Source)
	at org.testng.internal.MethodInvocationHelper.invokeMethod(MethodInvocationHelper.java:124)
	at org.testng.internal.Invoker.invokeMethod(Invoker.java:583)
	at org.testng.internal.Invoker.invokeTestMethod(Invoker.java:719)
	at org.testng.internal.Invoker.invokeTestMethods(Invoker.java:989)
	at org.testng.internal.TestMethodWorker.invokeTestMethods(TestMethodWorker.java:125)
	at org.testng.internal.TestMethodWorker.run(TestMethodWorker.java:109)
	at org.testng.TestRunner.privateRun(TestRunner.java:648)
	at org.testng.TestRunner.run(TestRunner.java:505)
	at org.testng.SuiteRunner.runTest(SuiteRunner.java:455)
	at org.testng.SuiteRunner.runSequentially(SuiteRunner.java:450)
	at org.testng.SuiteRunner.privateRun(SuiteRunner.java:415)
	at org.testng.SuiteRunner.run(SuiteRunner.java:364)
	at org.testng.SuiteRunnerWorker.runSuite(SuiteRunnerWorker.java:52)
	at org.testng.SuiteRunnerWorker.run(SuiteRunnerWorker.java:84)
	at org.testng.TestNG.runSuitesSequentially(TestNG.java:1208)
	at org.testng.TestNG.runSuitesLocally(TestNG.java:1137)
	at org.testng.TestNG.runSuites(TestNG.java:1049)
	at org.testng.TestNG.run(TestNG.java:1017)
	at org.testng.remote.AbstractRemoteTestNG.run(AbstractRemoteTestNG.java:114)
	at org.testng.remote.RemoteTestNG.initAndRun(RemoteTestNG.java:251)
	at org.testng.remote.RemoteTestNG.main(RemoteTestNG.java:77)
</pre></div></td>
<td>0</td>
<td>com.r1v2.backend.Login.ScenarioLogin@72b6cbcc</td></tr>
<tr>
<td title='com.r1v2.backend.Login.ScenarioLogin.testSC_7()'><b>testSC_7</b><br>Test class: com.r1v2.backend.Login.ScenarioLogin<br/>
<a href="#Output-424489630" onClick='toggleBox("Output-424489630", this, "Show output", "Hide output");'>Show output</a>

<a href="#Output-424489630" onClick="toggleAllBoxes();">Show all outputs</a>
<div class='log' id="Output-424489630">
<br>Opened URL : https://qadealeradminv2fr.izmocars.com/login.htm<br/>
<br>[Ljava.lang.String;@36aa52d2 is present<br/>
<br>Entered value chiragr<br/>
<br>[Ljava.lang.String;@3a4ab7f7 is present<br/>
</div>
</td>
<td><div><pre>org.openqa.selenium.WebDriverException: unknown error: keys should be a string
  (Session info: chrome=71.0.3578.98)
  (Driver info: chromedriver=2.38.552522 (437e6fbedfa8762dec75e2c5b3ddb86763dc9dcb),platform=Windows NT 10.0.10586 x86_64) (WARNING: The server did not provide any stacktrace information)
Command duration or timeout: 0 milliseconds
Build info: version: &apos;3.13.0&apos;, revision: &apos;2f0d292&apos;, time: &apos;2018-06-25T15:24:21.231Z&apos;
System info: host: &apos;IZDT-211&apos;, ip: &apos;10.125.101.16&apos;, os.name: &apos;Windows 10&apos;, os.arch: &apos;amd64&apos;, os.version: &apos;10.0&apos;, java.version: &apos;1.8.0_191&apos;
Driver info: org.openqa.selenium.chrome.ChromeDriver
Capabilities {acceptInsecureCerts: false, acceptSslCerts: false, applicationCacheEnabled: false, browserConnectionEnabled: false, browserName: chrome, chrome: {chromedriverVersion: 2.38.552522 (437e6fbedfa876..., userDataDir: C:\Users\rajesh.n\AppData\L...}, cssSelectorsEnabled: true, databaseEnabled: false, handlesAlerts: true, hasTouchScreen: false, javascriptEnabled: true, locationContextEnabled: true, mobileEmulationEnabled: false, nativeEvents: true, networkConnectionEnabled: false, pageLoadStrategy: normal, platform: XP, platformName: XP, rotatable: false, setWindowRect: true, takesHeapSnapshot: true, takesScreenshot: true, unexpectedAlertBehaviour: , unhandledPromptBehavior: , version: 71.0.3578.98, webStorageEnabled: true}
Session ID: 3e7eadf561c9702f0c2d87aeafce225b
	at sun.reflect.NativeConstructorAccessorImpl.newInstance0(Native Method)
	at sun.reflect.NativeConstructorAccessorImpl.newInstance(Unknown Source)
	at sun.reflect.DelegatingConstructorAccessorImpl.newInstance(Unknown Source)
	at java.lang.reflect.Constructor.newInstance(Unknown Source)
	at org.openqa.selenium.remote.ErrorHandler.createThrowable(ErrorHandler.java:214)
	at org.openqa.selenium.remote.ErrorHandler.throwIfResponseFailed(ErrorHandler.java:166)
	at org.openqa.selenium.remote.http.JsonHttpResponseCodec.reconstructValue(JsonHttpResponseCodec.java:40)
	at org.openqa.selenium.remote.http.AbstractHttpResponseCodec.decode(AbstractHttpResponseCodec.java:80)
	at org.openqa.selenium.remote.http.AbstractHttpResponseCodec.decode(AbstractHttpResponseCodec.java:44)
	at org.openqa.selenium.remote.HttpCommandExecutor.execute(HttpCommandExecutor.java:158)
	at org.openqa.selenium.remote.service.DriverCommandExecutor.execute(DriverCommandExecutor.java:83)
	at org.openqa.selenium.remote.RemoteWebDriver.execute(RemoteWebDriver.java:548)
	at org.openqa.selenium.remote.RemoteWebElement.execute(RemoteWebElement.java:276)
	at org.openqa.selenium.remote.RemoteWebElement.sendKeys(RemoteWebElement.java:100)
	at com.r1v2.common.PageBase.enterValue(PageBase.java:262)
	at com.r1v2.common.PageBase.enterValue(PageBase.java:268)
	at com.qa.sc.pageobjects.SCLoginPage.enterPassword(SCLoginPage.java:52)
	at com.qa.sc.pageobjects.SCLoginPage.goToHomePage(SCLoginPage.java:81)
	at com.r1v2.backend.Login.ScenarioLogin.testSC_7(ScenarioLogin.java:90)
	at sun.reflect.NativeMethodAccessorImpl.invoke0(Native Method)
	at sun.reflect.NativeMethodAccessorImpl.invoke(Unknown Source)
	at sun.reflect.DelegatingMethodAccessorImpl.invoke(Unknown Source)
	at java.lang.reflect.Method.invoke(Unknown Source)
	at org.testng.internal.MethodInvocationHelper.invokeMethod(MethodInvocationHelper.java:124)
	at org.testng.internal.Invoker.invokeMethod(Invoker.java:583)
	at org.testng.internal.Invoker.invokeTestMethod(Invoker.java:719)
	at org.testng.internal.Invoker.invokeTestMethods(Invoker.java:989)
	at org.testng.internal.TestMethodWorker.invokeTestMethods(TestMethodWorker.java:125)
	at org.testng.internal.TestMethodWorker.run(TestMethodWorker.java:109)
	at org.testng.TestRunner.privateRun(TestRunner.java:648)
	at org.testng.TestRunner.run(TestRunner.java:505)
	at org.testng.SuiteRunner.runTest(SuiteRunner.java:455)
	at org.testng.SuiteRunner.runSequentially(SuiteRunner.java:450)
	at org.testng.SuiteRunner.privateRun(SuiteRunner.java:415)
	at org.testng.SuiteRunner.run(SuiteRunner.java:364)
	at org.testng.SuiteRunnerWorker.runSuite(SuiteRunnerWorker.java:52)
	at org.testng.SuiteRunnerWorker.run(SuiteRunnerWorker.java:84)
	at org.testng.TestNG.runSuitesSequentially(TestNG.java:1208)
	at org.testng.TestNG.runSuitesLocally(TestNG.java:1137)
	at org.testng.TestNG.runSuites(TestNG.java:1049)
	at org.testng.TestNG.run(TestNG.java:1017)
	at org.testng.remote.AbstractRemoteTestNG.run(AbstractRemoteTestNG.java:114)
	at org.testng.remote.RemoteTestNG.initAndRun(RemoteTestNG.java:251)
	at org.testng.remote.RemoteTestNG.main(RemoteTestNG.java:77)
</pre></div><a href='#' onClick='toggleBox("stack-trace424489630", this, "Click to show all stack frames", "Click to hide stack frames")'>Click to show all stack frames</a>
<div class='stack-trace' id='stack-trace424489630'><pre>org.openqa.selenium.WebDriverException: unknown error: keys should be a string
  (Session info: chrome=71.0.3578.98)
  (Driver info: chromedriver=2.38.552522 (437e6fbedfa8762dec75e2c5b3ddb86763dc9dcb),platform=Windows NT 10.0.10586 x86_64) (WARNING: The server did not provide any stacktrace information)
Command duration or timeout: 0 milliseconds
Build info: version: &apos;3.13.0&apos;, revision: &apos;2f0d292&apos;, time: &apos;2018-06-25T15:24:21.231Z&apos;
System info: host: &apos;IZDT-211&apos;, ip: &apos;10.125.101.16&apos;, os.name: &apos;Windows 10&apos;, os.arch: &apos;amd64&apos;, os.version: &apos;10.0&apos;, java.version: &apos;1.8.0_191&apos;
Driver info: org.openqa.selenium.chrome.ChromeDriver
Capabilities {acceptInsecureCerts: false, acceptSslCerts: false, applicationCacheEnabled: false, browserConnectionEnabled: false, browserName: chrome, chrome: {chromedriverVersion: 2.38.552522 (437e6fbedfa876..., userDataDir: C:\Users\rajesh.n\AppData\L...}, cssSelectorsEnabled: true, databaseEnabled: false, handlesAlerts: true, hasTouchScreen: false, javascriptEnabled: true, locationContextEnabled: true, mobileEmulationEnabled: false, nativeEvents: true, networkConnectionEnabled: false, pageLoadStrategy: normal, platform: XP, platformName: XP, rotatable: false, setWindowRect: true, takesHeapSnapshot: true, takesScreenshot: true, unexpectedAlertBehaviour: , unhandledPromptBehavior: , version: 71.0.3578.98, webStorageEnabled: true}
Session ID: 3e7eadf561c9702f0c2d87aeafce225b
	at sun.reflect.NativeConstructorAccessorImpl.newInstance0(Native Method)
	at sun.reflect.NativeConstructorAccessorImpl.newInstance(Unknown Source)
	at sun.reflect.DelegatingConstructorAccessorImpl.newInstance(Unknown Source)
	at java.lang.reflect.Constructor.newInstance(Unknown Source)
	at org.openqa.selenium.remote.ErrorHandler.createThrowable(ErrorHandler.java:214)
	at org.openqa.selenium.remote.ErrorHandler.throwIfResponseFailed(ErrorHandler.java:166)
	at org.openqa.selenium.remote.http.JsonHttpResponseCodec.reconstructValue(JsonHttpResponseCodec.java:40)
	at org.openqa.selenium.remote.http.AbstractHttpResponseCodec.decode(AbstractHttpResponseCodec.java:80)
	at org.openqa.selenium.remote.http.AbstractHttpResponseCodec.decode(AbstractHttpResponseCodec.java:44)
	at org.openqa.selenium.remote.HttpCommandExecutor.execute(HttpCommandExecutor.java:158)
	at org.openqa.selenium.remote.service.DriverCommandExecutor.execute(DriverCommandExecutor.java:83)
	at org.openqa.selenium.remote.RemoteWebDriver.execute(RemoteWebDriver.java:548)
	at org.openqa.selenium.remote.RemoteWebElement.execute(RemoteWebElement.java:276)
	at org.openqa.selenium.remote.RemoteWebElement.sendKeys(RemoteWebElement.java:100)
	at com.r1v2.common.PageBase.enterValue(PageBase.java:262)
	at com.r1v2.common.PageBase.enterValue(PageBase.java:268)
	at com.qa.sc.pageobjects.SCLoginPage.enterPassword(SCLoginPage.java:52)
	at com.qa.sc.pageobjects.SCLoginPage.goToHomePage(SCLoginPage.java:81)
	at com.r1v2.backend.Login.ScenarioLogin.testSC_7(ScenarioLogin.java:90)
	at sun.reflect.NativeMethodAccessorImpl.invoke0(Native Method)
	at sun.reflect.NativeMethodAccessorImpl.invoke(Unknown Source)
	at sun.reflect.DelegatingMethodAccessorImpl.invoke(Unknown Source)
	at java.lang.reflect.Method.invoke(Unknown Source)
	at org.testng.internal.MethodInvocationHelper.invokeMethod(MethodInvocationHelper.java:124)
	at org.testng.internal.Invoker.invokeMethod(Invoker.java:583)
	at org.testng.internal.Invoker.invokeTestMethod(Invoker.java:719)
	at org.testng.internal.Invoker.invokeTestMethods(Invoker.java:989)
	at org.testng.internal.TestMethodWorker.invokeTestMethods(TestMethodWorker.java:125)
	at org.testng.internal.TestMethodWorker.run(TestMethodWorker.java:109)
	at org.testng.TestRunner.privateRun(TestRunner.java:648)
	at org.testng.TestRunner.run(TestRunner.java:505)
	at org.testng.SuiteRunner.runTest(SuiteRunner.java:455)
	at org.testng.SuiteRunner.runSequentially(SuiteRunner.java:450)
	at org.testng.SuiteRunner.privateRun(SuiteRunner.java:415)
	at org.testng.SuiteRunner.run(SuiteRunner.java:364)
	at org.testng.SuiteRunnerWorker.runSuite(SuiteRunnerWorker.java:52)
	at org.testng.SuiteRunnerWorker.run(SuiteRunnerWorker.java:84)
	at org.testng.TestNG.runSuitesSequentially(TestNG.java:1208)
	at org.testng.TestNG.runSuitesLocally(TestNG.java:1137)
	at org.testng.TestNG.runSuites(TestNG.java:1049)
	at org.testng.TestNG.run(TestNG.java:1017)
	at org.testng.remote.AbstractRemoteTestNG.run(AbstractRemoteTestNG.java:114)
	at org.testng.remote.RemoteTestNG.initAndRun(RemoteTestNG.java:251)
	at org.testng.remote.RemoteTestNG.main(RemoteTestNG.java:77)
</pre></div></td>
<td>0</td>
<td>com.r1v2.backend.Login.ScenarioLogin@72b6cbcc</td></tr>
</table><p>
<table width='100%' border='1' class='invocation-passed'>
<tr><td colspan='4' align='center'><b>PASSED TESTS</b></td></tr>
<tr><td><b>Test method</b></td>
<td width="30%"><b>Exception</b></td>
<td width="10%"><b>Time (seconds)</b></td>
<td><b>Instance</b></td>
</tr>
<tr>
<td title='com.r1v2.backend.Login.ScenarioLogin.testPG_10()'><b>testPG_10</b><br>Test class: com.r1v2.backend.Login.ScenarioLogin<br/>
<a href="#Output-1651831324" onClick='toggleBox("Output-1651831324", this, "Show output", "Hide output");'>Show output</a>

<a href="#Output-1651831324" onClick="toggleAllBoxes();">Show all outputs</a>
<div class='log' id="Output-1651831324">
<br>[Ljava.lang.String;@1d6a8386 is present<br/>
<br>Clicked on Logout<br/>
</div>
</td>
<td></td>
<td>0</td>
<td>com.r1v2.backend.Login.ScenarioLogin@72b6cbcc</td></tr>
<tr>
<td title='com.r1v2.backend.Login.ScenarioLogin.testSC_1()'><b>testSC_1</b><br>Test class: com.r1v2.backend.Login.ScenarioLogin<br/>
<a href="#Output-252738640" onClick='toggleBox("Output-252738640", this, "Show output", "Hide output");'>Show output</a>

<a href="#Output-252738640" onClick="toggleAllBoxes();">Show all outputs</a>
<div class='log' id="Output-252738640">
<br>Opened URL : https://qadealeradminv2fr.izmocars.com/login.htm<br/>
</div>
</td>
<td></td>
<td>0</td>
<td>com.r1v2.backend.Login.ScenarioLogin@72b6cbcc</td></tr>
<tr>
<td title='com.r1v2.backend.Login.ScenarioLogin.testSC_2()'><b>testSC_2</b><br>Test class: com.r1v2.backend.Login.ScenarioLogin<br/>
<a href="#Output-892931811" onClick='toggleBox("Output-892931811", this, "Show output", "Hide output");'>Show output</a>

<a href="#Output-892931811" onClick="toggleAllBoxes();">Show all outputs</a>
<div class='log' id="Output-892931811">
<br>Opened URL : https://qadealeradminv2fr.izmocars.com/login.htm<br/>
<br>[Ljava.lang.String;@1af146 is present<br/>
<br>Entered value chiragr<br/>
<br>[Ljava.lang.String;@3efe7086 is present<br/>
<br>Entered value abc@gmail.com<br/>
<br>[Ljava.lang.String;@3574e198 is present<br/>
<br>Clicked on <br/>
</div>
</td>
<td></td>
<td>0</td>
<td>com.r1v2.backend.Login.ScenarioLogin@72b6cbcc</td></tr>
<tr>
<td title='com.r1v2.backend.Login.ScenarioLogin.testSC_3()'><b>testSC_3</b><br>Test class: com.r1v2.backend.Login.ScenarioLogin<br/>
<a href="#Output-1128266449" onClick='toggleBox("Output-1128266449", this, "Show output", "Hide output");'>Show output</a>

<a href="#Output-1128266449" onClick="toggleAllBoxes();">Show all outputs</a>
<div class='log' id="Output-1128266449">
<br>Opened URL : https://qadealeradminv2fr.izmocars.com/login.htm<br/>
<br>[Ljava.lang.String;@28fa700e is present<br/>
<br>Entered value abc<br/>
<br>[Ljava.lang.String;@6f815e7f is present<br/>
<br>Entered value r@je$h143<br/>
<br>[Ljava.lang.String;@1eea9d2d is present<br/>
<br>Clicked on <br/>
</div>
</td>
<td></td>
<td>0</td>
<td>com.r1v2.backend.Login.ScenarioLogin@72b6cbcc</td></tr>
<tr>
<td title='com.r1v2.backend.Login.ScenarioLogin.testSC_4()'><b>testSC_4</b><br>Test class: com.r1v2.backend.Login.ScenarioLogin<br/>
<a href="#Output-978035840" onClick='toggleBox("Output-978035840", this, "Show output", "Hide output");'>Show output</a>

<a href="#Output-978035840" onClick="toggleAllBoxes();">Show all outputs</a>
<div class='log' id="Output-978035840">
<br>Opened URL : https://qadealeradminv2fr.izmocars.com/login.htm<br/>
<br>[Ljava.lang.String;@7d755813 is present<br/>
<br>Entered value abc<br/>
<br>[Ljava.lang.String;@6a9b0a6f is present<br/>
<br>Entered value abc@gmail.com<br/>
<br>[Ljava.lang.String;@629adce is present<br/>
<br>Clicked on <br/>
</div>
</td>
<td></td>
<td>0</td>
<td>com.r1v2.backend.Login.ScenarioLogin@72b6cbcc</td></tr>
<tr>
<td title='com.r1v2.backend.Login.ScenarioLogin.testSC_6()'><b>testSC_6</b><br>Test class: com.r1v2.backend.Login.ScenarioLogin<br/>
<a href="#Output-347136295" onClick='toggleBox("Output-347136295", this, "Show output", "Hide output");'>Show output</a>

<a href="#Output-347136295" onClick="toggleAllBoxes();">Show all outputs</a>
<div class='log' id="Output-347136295">
<br>Opened URL : https://qadealeradminv2fr.izmocars.com/login.htm<br/>
<br>[Ljava.lang.String;@2133661d is present<br/>
<br>Entered value abc<br/>
<br>[Ljava.lang.String;@2f897dab is present<br/>
<br>Entered value r@je$h143<br/>
<br>[Ljava.lang.String;@5b7c8930 is present<br/>
<br>Clicked on <br/>
</div>
</td>
<td></td>
<td>0</td>
<td>com.r1v2.backend.Login.ScenarioLogin@72b6cbcc</td></tr>
<tr>
<td title='com.r1v2.backend.Login.ScenarioLogin.testSC_8()'><b>testSC_8</b><br>Test class: com.r1v2.backend.Login.ScenarioLogin<br/>
<a href="#Output-879924346" onClick='toggleBox("Output-879924346", this, "Show output", "Hide output");'>Show output</a>

<a href="#Output-879924346" onClick="toggleAllBoxes();">Show all outputs</a>
<div class='log' id="Output-879924346">
<br>Opened URL : https://qadealeradminv2fr.izmocars.com/login.htm<br/>
<br>[Ljava.lang.String;@45545e7a is present<br/>
<br>Clicked on Vous avez oublié votre mot de passe ou votre login?<br/>
</div>
</td>
<td></td>
<td>0</td>
<td>com.r1v2.backend.Login.ScenarioLogin@72b6cbcc</td></tr>
<tr>
<td title='com.r1v2.backend.Login.ScenarioLogin.testSC_9()'><b>testSC_9</b><br>Test class: com.r1v2.backend.Login.ScenarioLogin<br/>
<a href="#Output-2043889470" onClick='toggleBox("Output-2043889470", this, "Show output", "Hide output");'>Show output</a>

<a href="#Output-2043889470" onClick="toggleAllBoxes();">Show all outputs</a>
<div class='log' id="Output-2043889470">
<br>Opened URL : https://qadealeradminv2fr.izmocars.com/login.htm<br/>
<br>[Ljava.lang.String;@6fc0bbc6 is present<br/>
<br>Entered value chiragr<br/>
<br>[Ljava.lang.String;@5d66e944 is present<br/>
<br>Entered value r@je$h143<br/>
<br>[Ljava.lang.String;@5ed5b321 is present<br/>
<br>Clicked on <br/>
</div>
</td>
<td></td>
<td>4</td>
<td>com.r1v2.backend.Login.ScenarioLogin@72b6cbcc</td></tr>
</table><p>
</body>
</html>