<?xml version="1.0" encoding="UTF-8"?>
<!-- Generated by org.testng.reporters.JUnitXMLReporter -->
<testsuite hostname="IZDT-211" ignored="2" name="Updated Front end Pages" tests="12" failures="0" timestamp="06 Feb 2019 07:36:28 GMT" time="33.753" errors="0">
  <testcase name="updateFrontendGrpContent_1" time="15.074" classname="com.r1v2.frontend.Modules.Group.UpdatedFrontendContentPageGroup"/>
  <testcase name="updateFrontendOemContent1" time="15.056" classname="com.r1v2.frontend.Modules.Oem.UpdatedFrontendContentPageOem"/>
  <testcase name="updateFrontendDlrContent_1" time="15.037" classname="com.r1v2.frontend.Modules.Dealer.UpdatedFrontendContentPageDealer"/>
  <testcase name="updateFrontendDlrContent_2" time="3.764" classname="com.r1v2.frontend.Modules.Dealer.UpdatedFrontendContentPageDealer"/>
  <testcase name="updateFrontendDlrContent_3" time="0.658" classname="com.r1v2.frontend.Modules.Dealer.UpdatedFrontendContentPageDealer"/>
  <testcase name="updateFrontendGrpContent_2" time="4.555" classname="com.r1v2.frontend.Modules.Group.UpdatedFrontendContentPageGroup"/>
  <testcase name="updateFrontendGrpContent_3" time="0.503" classname="com.r1v2.frontend.Modules.Group.UpdatedFrontendContentPageGroup"/>
  <testcase name="updateFrontendOemContent_2" time="14.24" classname="com.r1v2.frontend.Modules.Oem.UpdatedFrontendContentPageOem"/>
  <testcase name="updateFrontendOemContent_3" time="0.47" classname="com.r1v2.frontend.Modules.Oem.UpdatedFrontendContentPageOem"/>
  <testcase name="updateFrontendOemContent_4" time="0.143" classname="com.r1v2.frontend.Modules.Oem.UpdatedFrontendContentPageOem"/>
  <testcase name="updateFrontendDlrContent_4" time="0.188" classname="com.r1v2.frontend.Modules.Dealer.UpdatedFrontendContentPageDealer"/>
  <testcase name="updateFrontendGrpContent_4" time="0.201" classname="com.r1v2.frontend.Modules.Group.UpdatedFrontendContentPageGroup"/>
  <testcase name="@BeforeSuite setUp" time="0.0" classname="com.core.reports.ExtentReport">
    <ignored/>
  </testcase> <!-- @BeforeSuite setUp -->
  <testcase name="@BeforeSuite setUp" time="0.0" classname="com.core.reports.ExtentReport">
    <ignored/>
  </testcase> <!-- @BeforeSuite setUp -->
</testsuite> <!-- Updated Front end Pages -->
