<?xml version="1.0" encoding="UTF-8"?>
<!-- Generated by org.testng.reporters.JUnitXMLReporter -->
<testsuite hostname="IZDT-211" ignored="2" name="Updated Front end Campaign Pages" tests="12" failures="0" timestamp="06 Feb 2019 09:34:19 GMT" time="23.21" errors="0">
  <testcase name="updateFrontendGrpCampign_1" time="15.047" classname="com.r1v2.frontend.Modules.Group.UpdatedFrontendCampPageGroup"/>
  <testcase name="updateFrontendOemCampaign" time="15.041" classname="com.r1v2.frontend.Modules.Oem.UpdatedFrontendCampPageOem"/>
  <testcase name="updateFrontendDlrCampaign" time="15.035" classname="com.r1v2.frontend.Modules.Dealer.UpdatedFrontendCampPageDealer"/>
  <testcase name="updateFrontendOemCampaign_1" time="1.24" classname="com.r1v2.frontend.Modules.Oem.UpdatedFrontendCampPageOem"/>
  <testcase name="updateFrontendGrpCampign_2" time="1.457" classname="com.r1v2.frontend.Modules.Group.UpdatedFrontendCampPageGroup"/>
  <testcase name="updateFrontendDlrCampaign_1" time="1.643" classname="com.r1v2.frontend.Modules.Dealer.UpdatedFrontendCampPageDealer"/>
  <testcase name="updateFrontendOemCampaign_2" time="0.682" classname="com.r1v2.frontend.Modules.Oem.UpdatedFrontendCampPageOem"/>
  <testcase name="updateFrontendGrpCampign_3" time="0.667" classname="com.r1v2.frontend.Modules.Group.UpdatedFrontendCampPageGroup"/>
  <testcase name="updateFrontendDlrCampaign_2" time="0.831" classname="com.r1v2.frontend.Modules.Dealer.UpdatedFrontendCampPageDealer"/>
  <testcase name="updateFrontendGrpCampign_4" time="0.101" classname="com.r1v2.frontend.Modules.Group.UpdatedFrontendCampPageGroup"/>
  <testcase name="updateFrontendOemCampaign_3" time="0.211" classname="com.r1v2.frontend.Modules.Oem.UpdatedFrontendCampPageOem"/>
  <testcase name="updateFrontendDlrCampaign_3" time="2.087" classname="com.r1v2.frontend.Modules.Dealer.UpdatedFrontendCampPageDealer"/>
  <testcase name="@BeforeSuite setUp" time="0.0" classname="com.core.reports.ExtentReport">
    <ignored/>
  </testcase> <!-- @BeforeSuite setUp -->
  <testcase name="@BeforeSuite setUp" time="0.0" classname="com.core.reports.ExtentReport">
    <ignored/>
  </testcase> <!-- @BeforeSuite setUp -->
</testsuite> <!-- Updated Front end Campaign Pages -->
